Using pre-set license
Built from '2020.3/release' branch; Version is '2020.3.15f2 (6cf78cb77498) revision 7141260'; Using compiler version '192528614'; Build Type 'Release'
OS: 'Windows 10 Home; OS build 19042.1165; Version 2009; 64bit' Language: 'pt' Physical Memory: 32697 MB
BatchMode: 1, IsHumanControllingUs: 0, StartBugReporterOnCrash: 0, Is64bit: 1, IsPro: 0

 COMMAND LINE ARGUMENTS:
C:\Program Files\Unity\Hub\Editor\2020.3.15f2\Editor\Unity.exe
-adb2
-batchMode
-noUpm
-name
AssetImportWorker0
-projectPath
C:/Users/tomas/Desktop/Jogos Digitais/Bacharelado/2ยบ SEMESTRE/Mobile Game Prototype
-logFile
Logs/AssetImportWorker0.log
-srvPort
63900
Successfully changed project path to: C:/Users/tomas/Desktop/Jogos Digitais/Bacharelado/2ยบ SEMESTRE/Mobile Game Prototype
C:/Users/tomas/Desktop/Jogos Digitais/Bacharelado/2ยบ SEMESTRE/Mobile Game Prototype
Using Asset Import Pipeline V2.
Refreshing native plugins compatible for Editor in 40.31 ms, found 2 plugins.
Preloading 0 native plugins for Editor in 0.00 ms.
Initialize engine version: 2020.3.15f2 (6cf78cb77498)
[Subsystems] Discovering subsystems at path C:/Program Files/Unity/Hub/Editor/2020.3.15f2/Editor/Data/Resources/UnitySubsystems
[Subsystems] Discovering subsystems at path C:/Users/tomas/Desktop/Jogos Digitais/Bacharelado/2ยบ SEMESTRE/Mobile Game Prototype/Assets
GfxDevice: creating device client; threaded=0
Direct3D:
    Version:  Direct3D 11.0 [level 11.1]
    Renderer: NVIDIA GeForce GTX 1070 (ID=0x1b81)
    Vendor:   
    VRAM:     8088 MB
    Driver:   27.21.14.6647
Initialize mono
Mono path[0] = 'C:/Program Files/Unity/Hub/Editor/2020.3.15f2/Editor/Data/Managed'
Mono path[1] = 'C:/Program Files/Unity/Hub/Editor/2020.3.15f2/Editor/Data/MonoBleedingEdge/lib/mono/unityjit'
Mono config path = 'C:/Program Files/Unity/Hub/Editor/2020.3.15f2/Editor/Data/MonoBleedingEdge/etc'
Using monoOptions --debugger-agent=transport=dt_socket,embedding=1,server=y,suspend=n,address=127.0.0.1:56572
Begin MonoManager ReloadAssembly
Registering precompiled unity dll's ...
Register platform support module: C:/Program Files/Unity/Hub/Editor/2020.3.15f2/Editor/Data/PlaybackEngines/WindowsStandaloneSupport/UnityEditor.WindowsStandalone.Extensions.dll
Register platform support module: C:/Program Files/Unity/Hub/Editor/2020.3.15f2/Editor/Data/PlaybackEngines/LinuxStandaloneSupport/UnityEditor.LinuxStandalone.Extensions.dll
Registered in 0.002065 seconds.
Native extension for LinuxStandalone target not found
Native extension for WindowsStandalone target not found
Refreshing native plugins compatible for Editor in 35.91 ms, found 2 plugins.
Preloading 0 native plugins for Editor in 0.00 ms.
Mono: successfully reloaded assembly
- Completed reload, in  1.612 seconds
Domain Reload Profiling:
	ReloadAssembly (1612ms)
		BeginReloadAssembly (47ms)
			ExecutionOrderSort (0ms)
			DisableScriptedObjects (0ms)
			BackupInstance (0ms)
			ReleaseScriptingObjects (0ms)
			CreateAndSetChildDomain (1ms)
		EndReloadAssembly (368ms)
			LoadAssemblies (45ms)
			RebuildTransferFunctionScriptingTraits (0ms)
			SetupTypeCache (134ms)
			ReleaseScriptCaches (0ms)
			RebuildScriptCaches (26ms)
			SetupLoadedEditorAssemblies (146ms)
				LogAssemblyErrors (0ms)
				InitializePlatformSupportModulesInManaged (5ms)
				SetLoadedEditorAssemblies (0ms)
				RefreshPlugins (36ms)
				BeforeProcessingInitializeOnLoad (9ms)
				ProcessInitializeOnLoadAttributes (71ms)
				ProcessInitializeOnLoadMethodAttributes (24ms)
				AfterProcessingInitializeOnLoad (0ms)
				EditorAssembliesLoaded (0ms)
			ExecutionOrderSort2 (0ms)
			AwakeInstancesAfterBackupRestoration (0ms)
Platform modules already initialized, skipping
Registering precompiled user dll's ...
Registered in 0.003347 seconds.
Begin MonoManager ReloadAssembly
Native extension for LinuxStandalone target not found
Native extension for WindowsStandalone target not found
Refreshing native plugins compatible for Editor in 32.78 ms, found 2 plugins.
Preloading 0 native plugins for Editor in 0.00 ms.
Mono: successfully reloaded assembly
- Completed reload, in  1.135 seconds
Domain Reload Profiling:
	ReloadAssembly (1136ms)
		BeginReloadAssembly (128ms)
			ExecutionOrderSort (0ms)
			DisableScriptedObjects (4ms)
			BackupInstance (0ms)
			ReleaseScriptingObjects (0ms)
			CreateAndSetChildDomain (16ms)
		EndReloadAssembly (953ms)
			LoadAssemblies (75ms)
			RebuildTransferFunctionScriptingTraits (0ms)
			SetupTypeCache (250ms)
			ReleaseScriptCaches (0ms)
			RebuildScriptCaches (40ms)
			SetupLoadedEditorAssemblies (479ms)
				LogAssemblyErrors (0ms)
				InitializePlatformSupportModulesInManaged (5ms)
				SetLoadedEditorAssemblies (0ms)
				RefreshPlugins (33ms)
				BeforeProcessingInitializeOnLoad (64ms)
				ProcessInitializeOnLoadAttributes (368ms)
				ProcessInitializeOnLoadMethodAttributes (3ms)
				AfterProcessingInitializeOnLoad (6ms)
				EditorAssembliesLoaded (0ms)
			ExecutionOrderSort2 (0ms)
			AwakeInstancesAfterBackupRestoration (6ms)
Platform modules already initialized, skipping
========================================================================
Worker process is ready to serve import requests
Launched and connected shader compiler UnityShaderCompiler.exe after 0.04 seconds
Refreshing native plugins compatible for Editor in 0.41 ms, found 2 plugins.
Preloading 0 native plugins for Editor in 0.00 ms.
Unloading 1812 Unused Serialized files (Serialized files now loaded: 0)
System memory in use before: 80.1 MB.
System memory in use after: 80.2 MB.

Unloading 33 unused Assets to reduce memory usage. Loaded Objects now: 2234.
Total: 2.063200 ms (FindLiveObjects: 0.161700 ms CreateObjectMapping: 0.050400 ms MarkObjects: 1.798200 ms  DeleteObjects: 0.052300 ms)

AssetImportParameters requested are different than current active one (requested -> active):
  custom:framework-win-MediaFoundation: 216162199b28c13a410421893ffa2e32 -> 
  custom:video-decoder-ogg-theora: a1e56fd34408186e4bbccfd4996cb3dc -> 
  custom:container-muxer-webm: aa71ff27fc2769a1b78a27578f13a17b -> 
  custom:container-demuxer-webm: 4f35f7cbe854078d1ac9338744f61a02 -> 
  custom:container-demuxer-ogg: 62fdf1f143b41e24485cea50d1cbac27 -> 
  custom:video-encoder-webm-vp8: eb34c28f22e8b96e1ab97ce403110664 -> 
  custom:video-decoder-webm-vp8: 9c59270c3fd7afecdb556c50c9e8de78 -> 
  custom:audio-decoder-ogg-vorbis: bf7c407c2cedff20999df2af8eb42d56 -> 
  custom:audio-encoder-webm-vorbis: bf7c407c2cedff20999df2af8eb42d56 -> 
========================================================================
Received Import Request.
  path: Assets/BoncyFrictionless.physicMaterial
  artifactKey: Guid(a54c8ca3cdc00aa44a0f7c367b89b363) Importer(815301076,1909f56bfc062723c751e8b465ee728b)
Start importing Assets/BoncyFrictionless.physicMaterial using Guid(a54c8ca3cdc00aa44a0f7c367b89b363) Importer(815301076,1909f56bfc062723c751e8b465ee728b)  -> (artifact id: '164be70c0f3fccbcc605ba628d4730ce') in 0.027927 seconds 
  Import took 0.030232 seconds .

========================================================================
Received Import Request.
  Time since last request: 18.605409 seconds.
  path: Assets/SwipeDown.inputactions
  artifactKey: Guid(7e02895a7d472dd45b8481b1eb18b8cf) Importer(815301076,1909f56bfc062723c751e8b465ee728b)
Start importing Assets/SwipeDown.inputactions using Guid(7e02895a7d472dd45b8481b1eb18b8cf) Importer(815301076,1909f56bfc062723c751e8b465ee728b)  -> (artifact id: '268b704c12d0304270e5b59ae143b3a5') in 0.009763 seconds 
  Import took 0.012391 seconds .

========================================================================
Received Import Request.
  Time since last request: 0.007793 seconds.
  path: Assets/SwipeDown.inputactions
  artifactKey: Guid(7e02895a7d472dd45b8481b1eb18b8cf) Importer(815301076,1909f56bfc062723c751e8b465ee728b)
Start importing Assets/SwipeDown.inputactions using Guid(7e02895a7d472dd45b8481b1eb18b8cf) Importer(815301076,1909f56bfc062723c751e8b465ee728b)  -> (artifact id: '268b704c12d0304270e5b59ae143b3a5') in 0.002959 seconds 
  Import took 0.005491 seconds .

========================================================================
Received Import Request.
  Time since last request: 451.701147 seconds.
  path: Assets/SwipeDown.inputactions
  artifactKey: Guid(7e02895a7d472dd45b8481b1eb18b8cf) Importer(815301076,1909f56bfc062723c751e8b465ee728b)
Start importing Assets/SwipeDown.inputactions using Guid(7e02895a7d472dd45b8481b1eb18b8cf) Importer(815301076,1909f56bfc062723c751e8b465ee728b)  -> (artifact id: '06393e0fd38654b7d829b1180f5cda14') in 0.003062 seconds 
  Import took 0.006395 seconds .

========================================================================
Received Import Request.
  Time since last request: 23.287182 seconds.
  path: Assets/Input System Android.inputactions
  artifactKey: Guid(7d0cbe37b27450c44a24d06b63f4e858) Importer(815301076,1909f56bfc062723c751e8b465ee728b)
Start importing Assets/Input System Android.inputactions using Guid(7d0cbe37b27450c44a24d06b63f4e858) Importer(815301076,1909f56bfc062723c751e8b465ee728b)  -> (artifact id: 'c85bb8e47373b8eeb542f3d7b04d9834') in 0.008059 seconds 
  Import took 0.011066 seconds .

